
C:\Users\User\Downloads\fitai-nextjs\fitai\src\app\api\analyze\route.ts
  81:17  error  Unexpected any. Specify a different type  @typescript-eslint/no-explicit-any

C:\Users\User\Downloads\fitai-nextjs\fitai\src\app\api\diet\route.ts
  72:17  error  Unexpected any. Specify a different type  @typescript-eslint/no-explicit-any

C:\Users\User\Downloads\fitai-nextjs\fitai\src\app\api\workout\route.ts
  57:17  error  Unexpected any. Specify a different type  @typescript-eslint/no-explicit-any

C:\Users\User\Downloads\fitai-nextjs\fitai\src\app\auth\page.tsx
  59:19  error  Unexpected any. Specify a different type  @typescript-eslint/no-explicit-any
  79:19  error  Unexpected any. Specify a different type  @typescript-eslint/no-explicit-any

C:\Users\User\Downloads\fitai-nextjs\fitai\src\app\dashboard\diet\page.tsx
  19:21  warning  'profile' is assigned a value but never used                           @typescript-eslint/no-unused-vars
  42:7   warning  Expected an assignment or function call and instead saw an expression  @typescript-eslint/no-unused-expressions
  76:63  error    `'` can be escaped with `&apos;`, `&lsquo;`, `&#39;`, `&rsquo;`        react/no-unescaped-entities

C:\Users\User\Downloads\fitai-nextjs\fitai\src\app\dashboard\page.tsx
   26:44  warning  'onboardingData' is assigned a value but never used              @typescript-eslint/no-unused-vars
   74:71  error    `'` can be escaped with `&apos;`, `&lsquo;`, `&#39;`, `&rsquo;`  react/no-unescaped-entities
   88:57  error    `'` can be escaped with `&apos;`, `&lsquo;`, `&#39;`, `&rsquo;`  react/no-unescaped-entities
  100:63  error    `'` can be escaped with `&apos;`, `&lsquo;`, `&#39;`, `&rsquo;`  react/no-unescaped-entities
  142:60  error    Unexpected any. Specify a different type                         @typescript-eslint/no-explicit-any
  181:72  error    `'` can be escaped with `&apos;`, `&lsquo;`, `&#39;`, `&rsquo;`  react/no-unescaped-entities
  191:25  error    `'` can be escaped with `&apos;`, `&lsquo;`, `&#39;`, `&rsquo;`  react/no-unescaped-entities

C:\Users\User\Downloads\fitai-nextjs\fitai\src\app\dashboard\progress\page.tsx
   27:54  error  Unexpected any. Specify a different type                                                                                                                                                                                                                                                                                                                                                                                                                                                                                                                                                                                                                                                                                                                                                                                                                                                                                                                                                                                                                                                                                                                                                                                                                                                                                                                                                             @typescript-eslint/no-explicit-any
   32:26  error  Unexpected any. Specify a different type                                                                                                                                                                                                                                                                                                                                                                                                                                                                                                                                                                                                                                                                                                                                                                                                                                                                                                                                                                                                                                                                                                                                                                                                                                                                                                                                                             @typescript-eslint/no-explicit-any
   50:55  error  `'` can be escaped with `&apos;`, `&lsquo;`, `&#39;`, `&rsquo;`                                                                                                                                                                                                                                                                                                                                                                                                                                                                                                                                                                                                                                                                                                                                                                                                                                                                                                                                                                                                                                                                                                                                                                                                                                                                                                                                      react/no-unescaped-entities
   62:85  error  `'` can be escaped with `&apos;`, `&lsquo;`, `&#39;`, `&rsquo;`                                                                                                                                                                                                                                                                                                                                                                                                                                                                                                                                                                                                                                                                                                                                                                                                                                                                                                                                                                                                                                                                                                                                                                                                                                                                                                                                      react/no-unescaped-entities
  108:34  error  Error: Cannot create components during render

Components created during render will reset their state each time they are created. Declare components outside of render.

C:\Users\User\Downloads\fitai-nextjs\fitai\src\app\dashboard\progress\page.tsx:108:34
  106 |                 domain={['auto', 'auto']}
  107 |               />
> 108 |               <Tooltip content={<CustomTooltip />} />
      |                                  ^^^^^^^^^^^^^ This component is created during render
  109 |               <ReferenceLine
  110 |                 y={targetWeight}
  111 |                 stroke="#ff6b35"

C:\Users\User\Downloads\fitai-nextjs\fitai\src\app\dashboard\progress\page.tsx:27:25
  25 |   const targetWeight = parseFloat((startWeight - lossPerMonth * 3).toFixed(1))
  26 |
> 27 |   const CustomTooltip = ({ active, payload, label }: any) => {
     |                         ^^^^^^^^^^^^^^^^^^^^^^^^^^^^^^^^^^^^^^
> 28 |     if (!active || !payload?.length) return null
     | ^^^^^^^^^^^^^^^^^^^^^^^^^^^^^^^^^^^^^^^^^^^^^^^^
> 29 |     return (
     тАж
     | ^^^^^^^^^^^^^^^^^^^^^^^^^^^^^^^^^^^^^^^^^^^^^^^^
> 40 |     )
     | ^^^^^^^^^^^^^^^^^^^^^^^^^^^^^^^^^^^^^^^^^^^^^^^^
> 41 |   }
     | ^^^^ The component is created during render here
  42 |
  43 |   return (
  44 |     <div className="min-h-screen bg-[#0a0a0a] text-white">  react-hooks/static-components
  160:57  error  `'` can be escaped with `&apos;`, `&lsquo;`, `&#39;`, `&rsquo;`                                                                                                                                                                                                                                                                                                                                                                                                                                                                                                                                                                                                                                                                                                                                                                                                                                                                                                                                                                                                                                                                                                                                                                                                                                                                                                                                      react/no-unescaped-entities

C:\Users\User\Downloads\fitai-nextjs\fitai\src\app\dashboard\workout\page.tsx
  118:16  error  `'` can be escaped with `&apos;`, `&lsquo;`, `&#39;`, `&rsquo;`  react/no-unescaped-entities

C:\Users\User\Downloads\fitai-nextjs\fitai\src\app\layout.tsx
  16:9  warning  Custom fonts not added in `pages/_document.js` will only load for a single page. This is discouraged. See: https://nextjs.org/docs/messages/no-page-custom-font  @next/next/no-page-custom-font

C:\Users\User\Downloads\fitai-nextjs\fitai\src\app\onboarding\page.tsx
   21:88  warning  'setLoading' is assigned a value but never used                  @typescript-eslint/no-unused-vars
   31:11  warning  'getRootProps' is assigned a value but never used                @typescript-eslint/no-unused-vars
   31:25  warning  'getInputProps' is assigned a value but never used               @typescript-eslint/no-unused-vars
   31:40  warning  'isDragActive' is assigned a value but never used                @typescript-eslint/no-unused-vars
  116:19  error    Unexpected any. Specify a different type                         @typescript-eslint/no-explicit-any
  164:56  error    `'` can be escaped with `&apos;`, `&lsquo;`, `&#39;`, `&rsquo;`  react/no-unescaped-entities
  168:85  error    `'` can be escaped with `&apos;`, `&lsquo;`, `&#39;`, `&rsquo;`  react/no-unescaped-entities

C:\Users\User\Downloads\fitai-nextjs\fitai\src\lib\supabase.ts
  22:30  error  Unexpected any. Specify a different type  @typescript-eslint/no-explicit-any

тЬЦ 31 problems (23 errors, 8 warnings)

